<?xml version="1.0" encoding="UTF-8"?>
<!-- Generated by org.testng.reporters.JUnitReportReporter -->
<testsuite hostname="Monisha" failures="0" tests="2" name="com.test.TestAnnotations" time="0.005" errors="0" timestamp="2023-12-18T11:26:33 IST" skipped="0">
  <testcase classname="com.test.TestAnnotations" name="Test1" time="0.004"/>
  <testcase classname="com.test.TestAnnotations" name="Test2" time="0.001"/>
</testsuite> <!-- com.test.TestAnnotations -->
